<?xml version="1.0" encoding="UTF-8"?>
<testsuite name="web.cts.crpyto.test.SuiteRunner" time="360.087" tests="5" errors="3" skipped="0" failures="0">
  <properties>
[...]
</properties>
  <testcase name="testLoginPage" classname="web.cts.crpyto.test.SigninTest" time="297.791">
    <error message="chrome not reachable&#10;  (Session info: chrome=70.0.3538.77)&#10;  (Driver info: chromedriver=2.40.565498 (ea082db3280dd6843ebfb08a625e3eb905c4f5ab),platform=Windows NT 10.0.17134 x86_64) (WARNING: The server did not provide any stacktrace information)&#10;Command duration or timeout: 6.01 seconds&#10;Build info: version: &apos;2.35.0&apos;, revision: &apos;8df0c6bedf70ff9f22c647788f9fe9c8d22210e2&apos;, time: &apos;2013-08-17 12:46:41&apos;&#10;System info: os.name: &apos;Windows 10&apos;, os.arch: &apos;amd64&apos;, os.version: &apos;10.0&apos;, java.version: &apos;1.8.0_141&apos;&#10;Driver info: org.openqa.selenium.chrome.ChromeDriver&#10;Capabilities [{applicationCacheEnabled=false, rotatable=false, mobileEmulationEnabled=false, networkConnectionEnabled=false, chrome={chromedriverVersion=2.40.565498 (ea082db3280dd6843ebfb08a625e3eb905c4f5ab), userDataDir=C:\Users\Forrest.Li\AppData\Local\Temp\scoped_dir11312_3614}, takesHeapSnapshot=true, pageLoadStrategy=normal, databaseEnabled=false, handlesAlerts=true, hasTouchScreen=false, version=70.0.3538.77, platform=XP, browserConnectionEnabled=false, nativeEvents=true, acceptSslCerts=false, acceptInsecureCerts=false, locationContextEnabled=true, webStorageEnabled=true, browserName=chrome, takesScreenshot=true, javascriptEnabled=true, cssSelectorsEnabled=true, setWindowRect=true, unexpectedAlertBehaviour=}]&#10;Session ID: ddf14128e761b0ef646adc39b8135823" type="org.openqa.selenium.WebDriverException">org.openqa.selenium.WebDriverException: chrome not reachable
  (Session info: chrome=70.0.3538.77)
  (Driver info: chromedriver=2.40.565498 (ea082db3280dd6843ebfb08a625e3eb905c4f5ab),platform=Windows NT 10.0.17134 x86_64) (WARNING: The server did not provide any stacktrace information)
Command duration or timeout: 6.01 seconds
Build info: version: '2.35.0', revision: '8df0c6bedf70ff9f22c647788f9fe9c8d22210e2', time: '2013-08-17 12:46:41'
System info: os.name: 'Windows 10', os.arch: 'amd64', os.version: '10.0', java.version: '1.8.0_141'
Driver info: org.openqa.selenium.chrome.ChromeDriver
Capabilities [{applicationCacheEnabled=false, rotatable=false, mobileEmulationEnabled=false, networkConnectionEnabled=false, chrome={chromedriverVersion=2.40.565498 (ea082db3280dd6843ebfb08a625e3eb905c4f5ab), userDataDir=C:\Users\Forrest.Li\AppData\Local\Temp\scoped_dir11312_3614}, takesHeapSnapshot=true, pageLoadStrategy=normal, databaseEnabled=false, handlesAlerts=true, hasTouchScreen=false, version=70.0.3538.77, platform=XP, browserConnectionEnabled=false, nativeEvents=true, acceptSslCerts=false, acceptInsecureCerts=false, locationContextEnabled=true, webStorageEnabled=true, browserName=chrome, takesScreenshot=true, javascriptEnabled=true, cssSelectorsEnabled=true, setWindowRect=true, unexpectedAlertBehaviour=}]
Session ID: ddf14128e761b0ef646adc39b8135823
	at sun.reflect.NativeConstructorAccessorImpl.newInstance0(Native Method)
	at sun.reflect.NativeConstructorAccessorImpl.newInstance(NativeConstructorAccessorImpl.java:62)
	at sun.reflect.DelegatingConstructorAccessorImpl.newInstance(DelegatingConstructorAccessorImpl.java:45)
	at java.lang.reflect.Constructor.newInstance(Constructor.java:423)
	at org.openqa.selenium.remote.ErrorHandler.createThrowable(ErrorHandler.java:191)
	at org.openqa.selenium.remote.ErrorHandler.throwIfResponseFailed(ErrorHandler.java:145)
	at org.openqa.selenium.remote.RemoteWebDriver.execute(RemoteWebDriver.java:554)
	at org.openqa.selenium.remote.RemoteWebDriver.findElement(RemoteWebDriver.java:307)
	at org.openqa.selenium.remote.RemoteWebDriver.findElementByXPath(RemoteWebDriver.java:404)
	at org.openqa.selenium.By$ByXPath.findElement(By.java:344)
	at org.openqa.selenium.remote.RemoteWebDriver.findElement(RemoteWebDriver.java:299)
	at sun.reflect.GeneratedMethodAccessor8.invoke(Unknown Source)
	at sun.reflect.DelegatingMethodAccessorImpl.invoke(DelegatingMethodAccessorImpl.java:43)
	at java.lang.reflect.Method.invoke(Method.java:498)
	at org.openqa.selenium.support.events.EventFiringWebDriver$2.invoke(EventFiringWebDriver.java:101)
	at com.sun.proxy.$Proxy20.findElement(Unknown Source)
	at org.openqa.selenium.support.events.EventFiringWebDriver.findElement(EventFiringWebDriver.java:180)
	at web.cts.crpyto.wrappers.WebDriverWrapper.doesWebElementExistByXpath(WebDriverWrapper.java:94)
	at web.cts.crpyto.wrappers.WebDriverWrapper.getObject(WebDriverWrapper.java:113)
	at web.cts.crpyto.crpyto.SignInPage.doLogin(SignInPage.java:43)
	at web.cts.crpyto.test.SigninTest.testLoginPage(SigninTest.java:33)
</error>
    <system-out><![CDATA[2018-11-12 15:07:52,023 (TestContextManager.java:235) INFO  org.springframework.test.context.TestContextManager - Could not instantiate TestExecutionListener [org.springframework.test.context.web.ServletTestExecutionListener]. Specify custom listener classes or make the default listener classes (and their required dependencies) available. Offending class: [javax/servlet/ServletContext]
2018-11-12 15:07:52,030 (TestContextManager.java:235) INFO  org.springframework.test.context.TestContextManager - Could not instantiate TestExecutionListener [org.springframework.test.context.transaction.TransactionalTestExecutionListener]. Specify custom listener classes or make the default listener classes (and their required dependencies) available. Offending class: [org/springframework/transaction/interceptor/TransactionAttribute]
Test Name -- UpdateMyInformationPageTest
total rows -- 3
total cols -- 1
2018-11-12 15:07:52,606 (AbstractApplicationContext.java:518) INFO  org.springframework.context.support.GenericApplicationContext - Refreshing org.springframework.context.support.GenericApplicationContext@2b4bac49: startup date [Mon Nov 12 15:07:52 CST 2018]; root of context hierarchy
2018-11-12 15:07:52,795 (DefaultListableBeanFactory.java:605) INFO  org.springframework.beans.factory.support.DefaultListableBeanFactory - Pre-instantiating singletons in org.springframework.beans.factory.support.DefaultListableBeanFactory@449a4f23: defining beans [org.springframework.context.annotation.internalConfigurationAnnotationProcessor,org.springframework.context.annotation.internalAutowiredAnnotationProcessor,org.springframework.context.annotation.internalRequiredAnnotationProcessor,org.springframework.context.annotation.internalCommonAnnotationProcessor,automationBootstrap,org.springframework.context.annotation.ConfigurationClassPostProcessor.importAwareProcessor,signInPage,updateMyInformationPage,jsonParser,xmlParser,testUtils,webDriverWrapper,propertySourcesPlaceholderConfigurer]; root of factory hierarchy
2018-11-12 15:07:52,843 (WebDriverWrapper.java:59) INFO  web.cts.crpyto.wrappers.WebDriverWrapper - Browser=Chrome URL=http://ec2-54-194-193-178.eu-west-1.compute.amazonaws.com/#ico
Looping when the following xpath does not show up://div[@class='myTokens']Looping when the following xpath does not show up://div[@class='myTokens']Looping when the following xpath does not show up://div[@class='myTokens']Looping when the following xpath does not show up://div[@class='myTokens']Looping when the following xpath does not show up://div[@class='myTokens']Looping when the following xpath does not show up://div[@class='myTokens']Looping when the following xpath does not show up://div[@class='myTokens']Looping when the following xpath does not show up://div[@class='myTokens']Looping when the following xpath does not show up://div[@class='myTokens']Looping when the following xpath does not show up://div[@class='myTokens']Looping when the following xpath does not show up://div[@class='myTokens']Looping when the following xpath does not show up://div[@class='myTokens']Looping when the following xpath does not show up://div[@class='myTokens']Looping when the following xpath does not show up://div[@class='myTokens']Looping when the following xpath does not show up://div[@class='myTokens']Looping when the following xpath does not show up://div[@class='myTokens']Looping when the following xpath does not show up://div[@class='myTokens']Looping when the following xpath does not show up://div[@class='myTokens']Looping when the following xpath does not show up://div[@class='myTokens']Looping when the following xpath does not show up://div[@class='myTokens']Looping when the following xpath does not show up://div[@class='myTokens']Looping when the following xpath does not show up://div[@class='myTokens']Looping when the following xpath does not show up://div[@class='myTokens']Looping when the following xpath does not show up://div[@class='myTokens']Looping when the following xpath does not show up://div[@class='myTokens']Looping when the following xpath does not show up://div[@class='myTokens']Looping when the following xpath does not show up://div[@class='myTokens']Looping when the following xpath does not show up://div[@class='myTokens']Looping when the following xpath does not show up://div[@class='myTokens']Looping when the following xpath does not show up://div[@class='myTokens']Looping when the following xpath does not show up://div[@class='myTokens']Looping when the following xpath does not show up://div[@class='myTokens']Looping when the following xpath does not show up://div[@class='myTokens']Looping when the following xpath does not show up://div[@class='myTokens']Looping when the following xpath does not show up://div[@class='myTokens']Looping when the following xpath does not show up://div[@class='myTokens']Looping when the following xpath does not show up://div[@class='myTokens']Looping when the following xpath does not show up://div[@class='myTokens']Looping when the following xpath does not show up://div[@class='myTokens']Looping when the following xpath does not show up://div[@class='myTokens']Looping when the following xpath does not show up://div[@class='myTokens']Looping when the following xpath does not show up://div[@class='myTokens']Looping when the following xpath does not show up://div[@class='myTokens']Looping when the following xpath does not show up://div[@class='myTokens']Looping when the following xpath does not show up://div[@class='myTokens']Looping when the following xpath does not show up://div[@class='myTokens']Looping when the following xpath does not show up://div[@class='myTokens']Looping when the following xpath does not show up://div[@class='myTokens']Looping when the following xpath does not show up://div[@class='myTokens']Looping when the following xpath does not show up://div[@class='myTokens']Looping when the following xpath does not show up://div[@class='myTokens']Looping when the following xpath does not show up://div[@class='myTokens']Looping when the following xpath does not show up://div[@class='myTokens']Looping when the following xpath does not show up://div[@class='myTokens']Looping when the following xpath does not show up://div[@class='myTokens']Looping when the following xpath does not show up://div[@class='myTokens']Looping when the following xpath does not show up://div[@class='myTokens']Looping when the following xpath does not show up://div[@class='myTokens']Looping when the following xpath does not show up://div[@class='myTokens']Looping when the following xpath does not show up://div[@class='myTokens']Looping when the following xpath does not show up://div[@class='myTokens']Looping when the following xpath does not show up://div[@class='myTokens']Looping when the following xpath does not show up://div[@class='myTokens']Looping when the following xpath does not show up://div[@class='myTokens']Looping when the following xpath does not show up://div[@class='myTokens']Looping when the following xpath does not show up://div[@class='myTokens']Looping when the following xpath does not show up://div[@class='myTokens']Looping when the following xpath does not show up://div[@class='myTokens']Looping when the following xpath does not show up://div[@class='myTokens']Looping when the following xpath does not show up://div[@class='myTokens']Looping when the following xpath does not show up://div[@class='myTokens']Looping when the following xpath does not show up://div[@class='myTokens']Looping when the following xpath does not show up://div[@class='myTokens']Looping when the following xpath does not show up://div[@class='myTokens']Looping when the following xpath does not show up://div[@class='myTokens']Looping when the following xpath does not show up://div[@class='myTokens']Looping when the following xpath does not show up://div[@class='myTokens']Looping when the following xpath does not show up://div[@class='myTokens']Looping when the following xpath does not show up://div[@class='myTokens']Looping when the following xpath does not show up://div[@class='myTokens']Looping when the following xpath does not show up://div[@class='myTokens']Looping when the following xpath does not show up://div[@class='myTokens']Looping when the following xpath does not show up://div[@class='myTokens']Looping when the following xpath does not show up://div[@class='myTokens']Looping when the following xpath does not show up://div[@class='myTokens']Looping when the following xpath does not show up://div[@class='myTokens']Looping when the following xpath does not show up://div[@class='myTokens']Looping when the following xpath does not show up://div[@class='myTokens']Looping when the following xpath does not show up://div[@class='myTokens']Looping when the following xpath does not show up://div[@class='myTokens']Looping when the following xpath does not show up://div[@class='myTokens']Looping when the following xpath does not show up://div[@class='myTokens']Looping when the following xpath does not show up://div[@class='myTokens']Looping when the following xpath does not show up://div[@class='myTokens']Looping when the following xpath does not show up://div[@class='myTokens']Looping when the following xpath does not show up://div[@class='myTokens']Looping when the following xpath does not show up://div[@class='myTokens']Looping when the following xpath does not show up://div[@class='myTokens']Looping when the following xpath does not show up://div[@class='myTokens']Looping when the following xpath does not show up://div[@class='myTokens']Looping when the following xpath does not show up://div[@class='myTokens']Looping when the following xpath does not show up://div[@class='myTokens']Looping when the following xpath does not show up://div[@class='myTokens']Looping when the following xpath does not show up://div[@class='myTokens']Looping when the following xpath does not show up://div[@class='myTokens']Looping when the following xpath does not show up://div[@class='myTokens']Looping when the following xpath does not show up://div[@class='myTokens']Looping when the following xpath does not show up://div[@class='myTokens']Looping when the following xpath does not show up://div[@class='myTokens']Looping when the following xpath does not show up://div[@class='myTokens']Looping when the following xpath does not show up://div[@class='myTokens']Looping when the following xpath does not show up://div[@class='myTokens']Looping when the following xpath does not show up://div[@class='myTokens']Looping when the following xpath does not show up://div[@class='myTokens']Looping when the following xpath does not show up://div[@class='myTokens']Looping when the following xpath does not show up://div[@class='myTokens']Looping when the following xpath does not show up://div[@class='myTokens']Looping when the following xpath does not show up://div[@class='myTokens']Looping when the following xpath does not show up://div[@class='myTokens']Looping when the following xpath does not show up://div[@class='myTokens']Looping when the following xpath does not show up://div[@class='myTokens']Looping when the following xpath does not show up://div[@class='myTokens']Looping when the following xpath does not show up://div[@class='myTokens']Looping when the following xpath does not show up://div[@class='myTokens']Looping when the following xpath does not show up://div[@class='myTokens']Looping when the following xpath does not show up://div[@class='myTokens']Looping when the following xpath does not show up://div[@class='myTokens']Looping when the following xpath does not show up://div[@class='myTokens']Looping when the following xpath does not show up://div[@class='myTokens']Looping when the following xpath does not show up://div[@class='myTokens']Looping when the following xpath does not show up://div[@class='myTokens']Looping when the following xpath does not show up://div[@class='myTokens']Looping when the following xpath does not show up://div[@class='myTokens']Looping when the following xpath does not show up://div[@class='myTokens']Looping when the following xpath does not show up://div[@class='myTokens']Looping when the following xpath does not show up://div[@class='myTokens']Looping when the following xpath does not show up://div[@class='myTokens']Looping when the following xpath does not show up://div[@class='myTokens']Looping when the following xpath does not show up://div[@class='myTokens']Looping when the following xpath does not show up://div[@class='myTokens']Looping when the following xpath does not show up://div[@class='myTokens']Looping when the following xpath does not show up://div[@class='myTokens']Looping when the following xpath does not show up://div[@class='myTokens']Looping when the following xpath does not show up://div[@class='myTokens']Looping when the following xpath does not show up://div[@class='myTokens']Looping when the following xpath does not show up://div[@class='myTokens']Looping when the following xpath does not show up://div[@class='myTokens']Looping when the following xpath does not show up://div[@class='myTokens']Looping when the following xpath does not show up://div[@class='myTokens']Looping when the following xpath does not show up://div[@class='myTokens']Looping when the following xpath does not show up://div[@class='myTokens']Looping when the following xpath does not show up://div[@class='myTokens']Looping when the following xpath does not show up://div[@class='myTokens']Looping when the following xpath does not show up://div[@class='myTokens']Looping when the following xpath does not show up://div[@class='myTokens']Looping when the following xpath does not show up://div[@class='myTokens']Looping when the following xpath does not show up://div[@class='myTokens']Looping when the following xpath does not show up://div[@class='myTokens']Looping when the following xpath does not show up://div[@class='myTokens']Looping when the following xpath does not show up://div[@class='myTokens']Looping when the following xpath does not show up://div[@class='myTokens']Looping when the following xpath does not show up://div[@class='myTokens']Looping when the following xpath does not show up://div[@class='myTokens']Looping when the following xpath does not show up://div[@class='myTokens']Looping when the following xpath does not show up://div[@class='myTokens']Looping when the following xpath does not show up://div[@class='myTokens']Looping when the following xpath does not show up://div[@class='myTokens']Looping when the following xpath does not show up://div[@class='myTokens']Looping when the following xpath does not show up://div[@class='myTokens']Looping when the following xpath does not show up://div[@class='myTokens']Looping when the following xpath does not show up://div[@class='myTokens']Looping when the following xpath does not show up://div[@class='myTokens']Looping when the following xpath does not show up://div[@class='myTokens']Looping when the following xpath does not show up://div[@class='myTokens']Looping when the following xpath does not show up://div[@class='myTokens']Looping when the following xpath does not show up://div[@class='myTokens']Looping when the following xpath does not show up://div[@class='myTokens']Looping when the following xpath does not show up://div[@class='myTokens']Looping when the following xpath does not show up://div[@class='myTokens']Looping when the following xpath does not show up://div[@class='myTokens']Looping when the following xpath does not show up://div[@class='myTokens']Looping when the following xpath does not show up://div[@class='myTokens']Looping when the following xpath does not show up://div[@class='myTokens']Looping when the following xpath does not show up://div[@class='myTokens']Looping when the following xpath does not show up://div[@class='myTokens']Looping when the following xpath does not show up://div[@class='myTokens']Looping when the following xpath does not show up://div[@class='myTokens']Looping when the following xpath does not show up://div[@class='myTokens']Looping when the following xpath does not show up://div[@class='myTokens']Looping when the following xpath does not show up://div[@class='myTokens']Looping when the following xpath does not show up://div[@class='myTokens']Looping when the following xpath does not show up://div[@class='myTokens']Looping when the following xpath does not show up://div[@class='myTokens']Looping when the following xpath does not show up://div[@class='myTokens']Looping when the following xpath does not show up://div[@class='myTokens']Looping when the following xpath does not show up://div[@class='myTokens']Looping when the following xpath does not show up://div[@class='myTokens']Looping when the following xpath does not show up://div[@class='myTokens']Looping when the following xpath does not show up://div[@class='myTokens']Looping when the following xpath does not show up://div[@class='myTokens']Looping when the following xpath does not show up://div[@class='myTokens']Looping when the following xpath does not show up://div[@class='myTokens']Looping when the following xpath does not show up://div[@class='myTokens']Looping when the following xpath does not show up://div[@class='myTokens']Looping when the following xpath does not show up://div[@class='myTokens']Looping when the following xpath does not show up://div[@class='myTokens']Looping when the following xpath does not show up://div[@class='myTokens']Looping when the following xpath does not show up://div[@class='myTokens']Looping when the following xpath does not show up://div[@class='myTokens']Looping when the following xpath does not show up://div[@class='myTokens']Looping when the following xpath does not show up://div[@class='myTokens']Looping when the following xpath does not show up://div[@class='myTokens']Looping when the following xpath does not show up://div[@class='myTokens']Looping when the following xpath does not show up://div[@class='myTokens']Looping when the following xpath does not show up://div[@class='myTokens']Looping when the following xpath does not show up://div[@class='myTokens']Looping when the following xpath does not show up://div[@class='myTokens']Looping when the following xpath does not show up://div[@class='myTokens']Looping when the following xpath does not show up://div[@class='myTokens']Looping when the following xpath does not show up://div[@class='myTokens']Looping when the following xpath does not show up://div[@class='myTokens']Looping when the following xpath does not show up://div[@class='myTokens']Looping when the following xpath does not show up://div[@class='myTokens']Looping when the following xpath does not show up://div[@class='myTokens']Looping when the following xpath does not show up://div[@class='myTokens']Looping when the following xpath does not show up://div[@class='myTokens']Looping when the following xpath does not show up://div[@class='myTokens']Looping when the following xpath does not show up://div[@class='myTokens']Looping when the following xpath does not show up://div[@class='myTokens']Looping when the following xpath does not show up://div[@class='myTokens']Looping when the following xpath does not show up://div[@class='myTokens']Looping when the following xpath does not show up://div[@class='myTokens']Looping when the following xpath does not show up://div[@class='myTokens']Looping when the following xpath does not show up://div[@class='myTokens']Looping when the following xpath does not show up://div[@class='myTokens']Looping when the following xpath does not show up://div[@class='myTokens']Looping when the following xpath does not show up://div[@class='myTokens']Looping when the following xpath does not show up://div[@class='myTokens']Looping when the following xpath does not show up://div[@class='myTokens']Looping when the following xpath does not show up://div[@class='myTokens']Looping when the following xpath does not show up://div[@class='myTokens']Looping when the following xpath does not show up://div[@class='myTokens']Looping when the following xpath does not show up://div[@class='myTokens']Looping when the following xpath does not show up://div[@class='myTokens']Looping when the following xpath does not show up://div[@class='myTokens']Looping when the following xpath does not show up://div[@class='myTokens']Looping when the following xpath does not show up://div[@class='myTokens']Looping when the following xpath does not show up://div[@class='myTokens']Looping when the following xpath does not show up://div[@class='myTokens']Looping when the following xpath does not show up://div[@class='myTokens']Looping when the following xpath does not show up://div[@class='myTokens']Looping when the following xpath does not show up://div[@class='myTokens']Looping when the following xpath does not show up://div[@class='myTokens']Looping when the following xpath does not show up://div[@class='myTokens']Looping when the following xpath does not show up://div[@class='myTokens']Looping when the following xpath does not show up://div[@class='myTokens']Looping when the following xpath does not show up://div[@class='myTokens']Looping when the following xpath does not show up://div[@class='myTokens']Looping when the following xpath does not show up://div[@class='myTokens']Looping when the following xpath does not show up://div[@class='myTokens']Looping when the following xpath does not show up://div[@class='myTokens']Looping when the following xpath does not show up://div[@class='myTokens']Looping when the following xpath does not show up://div[@class='myTokens']Looping when the following xpath does not show up://div[@class='myTokens']Looping when the following xpath does not show up://div[@class='myTokens']Looping when the following xpath does not show up://div[@class='myTokens']Looping when the following xpath does not show up://div[@class='myTokens']Looping when the following xpath does not show up://div[@class='myTokens']Looping when the following xpath does not show up://div[@class='myTokens']Looping when the following xpath does not show up://div[@class='myTokens']Looping when the following xpath does not show up://div[@class='myTokens']Looping when the following xpath does not show up://div[@class='myTokens']Looping when the following xpath does not show up://div[@class='myTokens']Looping when the following xpath does not show up://div[@class='myTokens']Looping when the following xpath does not show up://div[@class='myTokens']Looping when the following xpath does not show up://div[@class='myTokens']Looping when the following xpath does not show up://div[@class='myTokens']Looping when the following xpath does not show up://div[@class='myTokens']Looping when the following xpath does not show up://div[@class='myTokens']Looping when the following xpath does not show up://div[@class='myTokens']Looping when the following xpath does not show up://div[@class='myTokens']Looping when the following xpath does not show up://div[@class='myTokens']Looping when the following xpath does not show up://div[@class='myTokens']Looping when the following xpath does not show up://div[@class='myTokens']Looping when the following xpath does not show up://div[@class='myTokens']Looping when the following xpath does not show up://div[@class='myTokens']Looping when the following xpath does not show up://div[@class='myTokens']Looping when the following xpath does not show up://div[@class='myTokens']Looping when the following xpath does not show up://div[@class='myTokens']Looping when the following xpath does not show up://div[@class='myTokens']Looping when the following xpath does not show up://div[@class='myTokens']Looping when the following xpath does not show up://div[@class='myTokens']Looping when the following xpath does not show up://div[@class='myTokens']Looping when the following xpath does not show up://div[@class='myTokens']Looping when the following xpath does not show up://div[@class='myTokens']Looping when the following xpath does not show up://div[@class='myTokens']Looping when the following xpath does not show up://div[@class='myTokens']Looping when the following xpath does not show up://div[@class='myTokens']Looping when the following xpath does not show up://div[@class='myTokens']Looping when the following xpath does not show up://div[@class='myTokens']Looping when the following xpath does not show up://div[@class='myTokens']Looping when the following xpath does not show up://div[@class='myTokens']Looping when the following xpath does not show up://div[@class='myTokens']Looping when the following xpath does not show up://div[@class='myTokens']Looping when the following xpath does not show up://div[@class='myTokens']Looping when the following xpath does not show up://div[@class='myTokens']Looping when the following xpath does not show up://div[@class='myTokens']Looping when the following xpath does not show up://div[@class='myTokens']Looping when the following xpath does not show up://div[@class='myTokens']Looping when the following xpath does not show up://div[@class='myTokens']Looping when the following xpath does not show up://div[@class='myTokens']Looping when the following xpath does not show up://div[@class='myTokens']Looping when the following xpath does not show up://div[@class='myTokens']Looping when the following xpath does not show up://div[@class='myTokens']Looping when the following xpath does not show up://div[@class='myTokens']Looping when the following xpath does not show up://div[@class='myTokens']Looping when the following xpath does not show up://div[@class='myTokens']Looping when the following xpath does not show up://div[@class='myTokens']Looping when the following xpath does not show up://div[@class='myTokens']Looping when the following xpath does not show up://div[@class='myTokens']Looping when the following xpath does not show up://div[@class='myTokens']Looping when the following xpath does not show up://div[@class='myTokens']Looping when the following xpath does not show up://div[@class='myTokens']Looping when the following xpath does not show up://div[@class='myTokens']Looping when the following xpath does not show up://div[@class='myTokens']Looping when the following xpath does not show up://div[@class='myTokens']Looping when the following xpath does not show up://div[@class='myTokens']Looping when the following xpath does not show up://div[@class='myTokens']Looping when the following xpath does not show up://div[@class='myTokens']Looping when the following xpath does not show up://div[@class='myTokens']Looping when the following xpath does not show up://div[@class='myTokens']Looping when the following xpath does not show up://div[@class='myTokens']Looping when the following xpath does not show up://div[@class='myTokens']Looping when the following xpath does not show up://div[@class='myTokens']Looping when the following xpath does not show up://div[@class='myTokens']Looping when the following xpath does not show up://div[@class='myTokens']Looping when the following xpath does not show up://div[@class='myTokens']Looping when the following xpath does not show up://div[@class='myTokens']Looping when the following xpath does not show up://div[@class='myTokens']Looping when the following xpath does not show up://div[@class='myTokens']Looping when the following xpath does not show up://div[@class='myTokens']Looping when the following xpath does not show up://div[@class='myTokens']Looping when the following xpath does not show up://div[@class='myTokens']Looping when the following xpath does not show up://div[@class='myTokens']Looping when the following xpath does not show up://div[@class='myTokens']Looping when the following xpath does not show up://div[@class='myTokens']Looping when the following xpath does not show up://div[@class='myTokens']Looping when the following xpath does not show up://div[@class='myTokens']Looping when the following xpath does not show up://div[@class='myTokens']Looping when the following xpath does not show up://div[@class='myTokens']Looping when the following xpath does not show up://div[@class='myTokens']Looping when the following xpath does not show up://div[@class='myTokens']Looping when the following xpath does not show up://div[@class='myTokens']Looping when the following xpath does not show up://div[@class='myTokens']Looping when the following xpath does not show up://div[@class='myTokens']Looping when the following xpath does not show up://div[@class='myTokens']Looping when the following xpath does not show up://div[@class='myTokens']Looping when the following xpath does not show up://div[@class='myTokens']Looping when the following xpath does not show up://div[@class='myTokens']Looping when the following xpath does not show up://div[@class='myTokens']Looping when the following xpath does not show up://div[@class='myTokens']Looping when the following xpath does not show up://div[@class='myTokens']Looping when the following xpath does not show up://div[@class='myTokens']Looping when the following xpath does not show up://div[@class='myTokens']Looping when the following xpath does not show up://div[@class='myTokens']Looping when the following xpath does not show up://div[@class='myTokens']Looping when the following xpath does not show up://div[@class='myTokens']Looping when the following xpath does not show up://div[@class='myTokens']Looping when the following xpath does not show up://div[@class='myTokens']Looping when the following xpath does not show up://div[@class='myTokens']Looping when the following xpath does not show up://div[@class='myTokens']Looping when the following xpath does not show up://div[@class='myTokens']Looping when the following xpath does not show up://div[@class='myTokens']Looping when the following xpath does not show up://div[@class='myTokens']Looping when the following xpath does not show up://div[@class='myTokens']Looping when the following xpath does not show up://div[@class='myTokens']Looping when the following xpath does not show up://div[@class='myTokens']Looping when the following xpath does not show up://div[@class='myTokens']Looping when the following xpath does not show up://div[@class='myTokens']Looping when the following xpath does not show up://div[@class='myTokens']Looping when the following xpath does not show up://div[@class='myTokens']Looping when the following xpath does not show up://div[@class='myTokens']Looping when the following xpath does not show up://div[@class='myTokens']Looping when the following xpath does not show up://div[@class='myTokens']Looping when the following xpath does not show up://div[@class='myTokens']Looping when the following xpath does not show up://div[@class='myTokens']Looping when the following xpath does not show up://div[@class='myTokens']Looping when the following xpath does not show up://div[@class='myTokens']Looping when the following xpath does not show up://div[@class='myTokens']Looping when the following xpath does not show up://div[@class='myTokens']Looping when the following xpath does not show up://div[@class='myTokens']Looping when the following xpath does not show up://div[@class='myTokens']Looping when the following xpath does not show up://div[@class='myTokens']Looping when the following xpath does not show up://div[@class='myTokens']Looping when the following xpath does not show up://div[@class='myTokens']Looping when the following xpath does not show up://div[@class='myTokens']Looping when the following xpath does not show up://div[@class='myTokens']Looping when the following xpath does not show up://div[@class='myTokens']Looping when the following xpath does not show up://div[@class='myTokens']Looping when the following xpath does not show up://div[@class='myTokens']Looping when the following xpath does not show up://div[@class='myTokens']Looping when the following xpath does not show up://div[@class='myTokens']Looping when the following xpath does not show up://div[@class='myTokens']Looping when the following xpath does not show up://div[@class='myTokens']Looping when the following xpath does not show up://div[@class='myTokens']Looping when the following xpath does not show up://div[@class='myTokens']Looping when the following xpath does not show up://div[@class='myTokens']Looping when the following xpath does not show up://div[@class='myTokens']Looping when the following xpath does not show up://div[@class='myTokens']Looping when the following xpath does not show up://div[@class='myTokens']Looping when the following xpath does not show up://div[@class='myTokens']Looping when the following xpath does not show up://div[@class='myTokens']Looping when the following xpath does not show up://div[@class='myTokens']Looping when the following xpath does not show up://div[@class='myTokens']Looping when the following xpath does not show up://div[@class='myTokens']Looping when the following xpath does not show up://div[@class='myTokens']Looping when the following xpath does not show up://div[@class='myTokens']Looping when the following xpath does not show up://div[@class='myTokens']Looping when the following xpath does not show up://div[@class='myTokens']Looping when the following xpath does not show up://div[@class='myTokens']Looping when the following xpath does not show up://div[@class='myTokens']Looping when the following xpath does not show up://div[@class='myTokens']Looping when the following xpath does not show up://div[@class='myTokens']Looping when the following xpath does not show up://div[@class='myTokens']Looping when the following xpath does not show up://div[@class='myTokens']Looping when the following xpath does not show up://div[@class='myTokens']Looping when the following xpath does not show up://div[@class='myTokens']Looping when the following xpath does not show up://div[@class='myTokens']Looping when the following xpath does not show up://div[@class='myTokens']Looping when the following xpath does not show up://div[@class='myTokens']Looping when the following xpath does not show up://div[@class='myTokens']Looping when the following xpath does not show up://div[@class='myTokens']Looping when the following xpath does not show up://div[@class='myTokens']Looping when the following xpath does not show up://div[@class='myTokens']Looping when the following xpath does not show up://div[@class='myTokens']Looping when the following xpath does not show up://div[@class='myTokens']Looping when the following xpath does not show up://div[@class='myTokens']Looping when the following xpath does not show up://div[@class='myTokens']Looping when the following xpath does not show up://div[@class='myTokens']Looping when the following xpath does not show up://div[@class='myTokens']Looping when the following xpath does not show up://div[@class='myTokens']Looping when the following xpath does not show up://div[@class='myTokens']Looping when the following xpath does not show up://div[@class='myTokens']Looping when the following xpath does not show up://div[@class='myTokens']Looping when the following xpath does not show up://div[@class='myTokens']Looping when the following xpath does not show up://div[@class='myTokens']Looping when the following xpath does not show up://div[@class='myTokens']Looping when the following xpath does not show up://div[@class='myTokens']Looping when the following xpath does not show up://div[@class='myTokens']Looping when the following xpath does not show up://div[@class='myTokens']Looping when the following xpath does not show up://div[@class='myTokens']Looping when the following xpath does not show up://div[@class='myTokens']Looping when the following xpath does not show up://div[@class='myTokens']Looping when the following xpath does not show up://div[@class='myTokens']Looping when the following xpath does not show up://div[@class='myTokens']Looping when the following xpath does not show up://div[@class='myTokens']Looping when the following xpath does not show up://div[@class='myTokens']Looping when the following xpath does not show up://div[@class='myTokens']Looping when the following xpath does not show up://div[@class='myTokens']Looping when the following xpath does not show up://div[@class='myTokens']Looping when the following xpath does not show up://div[@class='myTokens']Looping when the following xpath does not show up://div[@class='myTokens']Looping when the following xpath does not show up://div[@class='myTokens']Looping when the following xpath does not show up://div[@class='myTokens']Looping when the following xpath does not show up://div[@class='myTokens']Looping when the following xpath does not show up://div[@class='myTokens']Looping when the following xpath does not show up://div[@class='myTokens']Looping when the following xpath does not show up://div[@class='myTokens']Looping when the following xpath does not show up://div[@class='myTokens']Looping when the following xpath does not show up://div[@class='myTokens']Looping when the following xpath does not show up://div[@class='myTokens']Looping when the following xpath does not show up://div[@class='myTokens']Looping when the following xpath does not show up://div[@class='myTokens']Looping when the following xpath does not show up://div[@class='myTokens']Looping when the following xpath does not show up://div[@class='myTokens']Looping when the following xpath does not show up://div[@class='myTokens']Looping when the following xpath does not show up://div[@class='myTokens']Looping when the following xpath does not show up://div[@class='myTokens']Looping when the following xpath does not show up://div[@class='myTokens']Looping when the following xpath does not show up://div[@class='myTokens']Looping when the following xpath does not show up://div[@class='myTokens']Looping when the following xpath does not show up://div[@class='myTokens']Looping when the following xpath does not show up://div[@class='myTokens']Looping when the following xpath does not show up://div[@class='myTokens']Looping when the following xpath does not show up://div[@class='myTokens']Looping when the following xpath does not show up://div[@class='myTokens']Looping when the following xpath does not show up://div[@class='myTokens']Looping when the following xpath does not show up://div[@class='myTokens']Looping when the following xpath does not show up://div[@class='myTokens']Looping when the following xpath does not show up://div[@class='myTokens']Looping when the following xpath does not show up://div[@class='myTokens']Looping when the following xpath does not show up://div[@class='myTokens']Looping when the following xpath does not show up://div[@class='myTokens']Looping when the following xpath does not show up://div[@class='myTokens']Looping when the following xpath does not show up://div[@class='myTokens']Looping when the following xpath does not show up://div[@class='myTokens']Looping when the following xpath does not show up://div[@class='myTokens']Looping when the following xpath does not show up://div[@class='myTokens']Looping when the following xpath does not show up://div[@class='myTokens']Looping when the following xpath does not show up://div[@class='myTokens']Looping when the following xpath does not show up://div[@class='myTokens']Looping when the following xpath does not show up://div[@class='myTokens']Looping when the following xpath does not show up://div[@class='myTokens']Looping when the following xpath does not show up://div[@class='myTokens']Looping when the following xpath does not show up://div[@class='myTokens']Looping when the following xpath does not show up://div[@class='myTokens']Looping when the following xpath does not show up://div[@class='myTokens']Looping when the following xpath does not show up://div[@class='myTokens']Looping when the following xpath does not show up://div[@class='myTokens']Looping when the following xpath does not show up://div[@class='myTokens']Looping when the following xpath does not show up://div[@class='myTokens']Looping when the following xpath does not show up://div[@class='myTokens']Looping when the following xpath does not show up://div[@class='myTokens']Looping when the following xpath does not show up://div[@class='myTokens']Looping when the following xpath does not show up://div[@class='myTokens']Looping when the following xpath does not show up://div[@class='myTokens']Looping when the following xpath does not show up://div[@class='myTokens']Looping when the following xpath does not show up://div[@class='myTokens']Looping when the following xpath does not show up://div[@class='myTokens']Looping when the following xpath does not show up://div[@class='myTokens']Looping when the following xpath does not show up://div[@class='myTokens']Looping when the following xpath does not show up://div[@class='myTokens']Looping when the following xpath does not show up://div[@class='myTokens']Looping when the following xpath does not show up://div[@class='myTokens']Looping when the following xpath does not show up://div[@class='myTokens']Looping when the following xpath does not show up://div[@class='myTokens']Looping when the following xpath does not show up://div[@class='myTokens']Looping when the following xpath does not show up://div[@class='myTokens']Looping when the following xpath does not show up://div[@class='myTokens']Looping when the following xpath does not show up://div[@class='myTokens']Looping when the following xpath does not show up://div[@class='myTokens']Looping when the following xpath does not show up://div[@class='myTokens']Looping when the following xpath does not show up://div[@class='myTokens']Looping when the following xpath does not show up://div[@class='myTokens']Looping when the following xpath does not show up://div[@class='myTokens']Looping when the following xpath does not show up://div[@class='myTokens']Looping when the following xpath does not show up://div[@class='myTokens']Looping when the following xpath does not show up://div[@class='myTokens']Looping when the following xpath does not show up://div[@class='myTokens']Looping when the following xpath does not show up://div[@class='myTokens']Looping when the following xpath does not show up://div[@class='myTokens']Looping when the following xpath does not show up://div[@class='myTokens']Looping when the following xpath does not show up://div[@class='myTokens']Looping when the following xpath does not show up://div[@class='myTokens']Looping when the following xpath does not show up://div[@class='myTokens']Looping when the following xpath does not show up://div[@class='myTokens']Looping when the following xpath does not show up://div[@class='myTokens']Looping when the following xpath does not show up://div[@class='myTokens']Looping when the following xpath does not show up://div[@class='myTokens']Looping when the following xpath does not show up://div[@class='myTokens']Looping when the following xpath does not show up://div[@class='myTokens']Looping when the following xpath does not show up://div[@class='myTokens']Looping when the following xpath does not show up://div[@class='myTokens']Looping when the following xpath does not show up://div[@class='myTokens']Looping when the following xpath does not show up://div[@class='myTokens']Looping when the following xpath does not show up://div[@class='myTokens']Looping when the following xpath does not show up://div[@class='myTokens']Looping when the following xpath does not show up://div[@class='myTokens']Looping when the following xpath does not show up://div[@class='myTokens']Looping when the following xpath does not show up://div[@class='myTokens']Looping when the following xpath does not show up://div[@class='myTokens']Looping when the following xpath does not show up://div[@class='myTokens']Looping when the following xpath does not show up://div[@class='myTokens']Looping when the following xpath does not show up://div[@class='myTokens']Looping when the following xpath does not show up://div[@class='myTokens']Looping when the following xpath does not show up://div[@class='myTokens']Looping when the following xpath does not show up://div[@class='myTokens']Looping when the following xpath does not show up://div[@class='myTokens']Looping when the following xpath does not show up://div[@class='myTokens']Looping when the following xpath does not show up://div[@class='myTokens']Looping when the following xpath does not show up://div[@class='myTokens']Looping when the following xpath does not show up://div[@class='myTokens']Looping when the following xpath does not show up://div[@class='myTokens']Looping when the following xpath does not show up://div[@class='myTokens']Looping when the following xpath does not show up://div[@class='myTokens']Looping when the following xpath does not show up://div[@class='myTokens']Looping when the following xpath does not show up://div[@class='myTokens']Looping when the following xpath does not show up://div[@class='myTokens']Looping when the following xpath does not show up://div[@class='myTokens']Looping when the following xpath does not show up://div[@class='myTokens']Looping when the following xpath does not show up://div[@class='myTokens']Looping when the following xpath does not show up://div[@class='myTokens']Looping when the following xpath does not show up://div[@class='myTokens']Looping when the following xpath does not show up://div[@class='myTokens']Looping when the following xpath does not show up://div[@class='myTokens']Looping when the following xpath does not show up://div[@class='myTokens']Looping when the following xpath does not show up://div[@class='myTokens']Looping when the following xpath does not show up://div[@class='myTokens']Looping when the following xpath does not show up://div[@class='myTokens']Looping when the following xpath does not show up://div[@class='myTokens']Looping when the following xpath does not show up://div[@class='myTokens']Looping when the following xpath does not show up://div[@class='myTokens']Looping when the following xpath does not show up://div[@class='myTokens']Looping when the following xpath does not show up://div[@class='myTokens']Looping when the following xpath does not show up://div[@class='myTokens']Looping when the following xpath does not show up://div[@class='myTokens']Looping when the following xpath does not show up://div[@class='myTokens']Looping when the following xpath does not show up://div[@class='myTokens']Looping when the following xpath does not show up://div[@class='myTokens']Looping when the following xpath does not show up://div[@class='myTokens']Looping when the following xpath does not show up://div[@class='myTokens']Looping when the following xpath does not show up://div[@class='myTokens']Looping when the following xpath does not show up://div[@class='myTokens']Looping when the following xpath does not show up://div[@class='myTokens']Looping when the following xpath does not show up://div[@class='myTokens']Looping when the following xpath does not show up://div[@class='myTokens']Looping when the following xpath does not show up://div[@class='myTokens']Looping when the following xpath does not show up://div[@class='myTokens']Looping when the following xpath does not show up://div[@class='myTokens']Looping when the following xpath does not show up://div[@class='myTokens']Looping when the following xpath does not show up://div[@class='myTokens']Looping when the following xpath does not show up://div[@class='myTokens']Looping when the following xpath does not show up://div[@class='myTokens']Looping when the following xpath does not show up://div[@class='myTokens']Looping when the following xpath does not show up://div[@class='myTokens']Looping when the following xpath does not show up://div[@class='myTokens']Looping when the following xpath does not show up://div[@class='myTokens']Looping when the following xpath does not show up://div[@class='myTokens']Looping when the following xpath does not show up://div[@class='myTokens']Looping when the following xpath does not show up://div[@class='myTokens']Looping when the following xpath does not show up://div[@class='myTokens']Looping when the following xpath does not show up://div[@class='myTokens']Looping when the following xpath does not show up://div[@class='myTokens']Looping when the following xpath does not show up://div[@class='myTokens']Looping when the following xpath does not show up://div[@class='myTokens']Looping when the following xpath does not show up://div[@class='myTokens']Looping when the following xpath does not show up://div[@class='myTokens']Looping when the following xpath does not show up://div[@class='myTokens']Looping when the following xpath does not show up://div[@class='myTokens']Looping when the following xpath does not show up://div[@class='myTokens']Looping when the following xpath does not show up://div[@class='myTokens']Looping when the following xpath does not show up://div[@class='myTokens']Looping when the following xpath does not show up://div[@class='myTokens']Looping when the following xpath does not show up://div[@class='myTokens']Looping when the following xpath does not show up://div[@class='myTokens']Looping when the following xpath does not show up://div[@class='myTokens']Looping when the following xpath does not show up://div[@class='myTokens']Looping when the following xpath does not show up://div[@class='myTokens']Looping when the following xpath does not show up://div[@class='myTokens']Looping when the following xpath does not show up://div[@class='myTokens']Looping when the following xpath does not show up://div[@class='myTokens']Looping when the following xpath does not show up://div[@class='myTokens']Looping when the following xpath does not show up://div[@class='myTokens']Looping when the following xpath does not show up://div[@class='myTokens']Looping when the following xpath does not show up://div[@class='myTokens']Looping when the following xpath does not show up://div[@class='myTokens']Looping when the following xpath does not show up://div[@class='myTokens']Looping when the following xpath does not show up://div[@class='myTokens']Looping when the following xpath does not show up://div[@class='myTokens']Looping when the following xpath does not show up://div[@class='myTokens']Looping when the following xpath does not show up://div[@class='myTokens']Looping when the following xpath does not show up://div[@class='myTokens']Looping when the following xpath does not show up://div[@class='myTokens']Looping when the following xpath does not show up://div[@class='myTokens']Looping when the following xpath does not show up://div[@class='myTokens']Looping when the following xpath does not show up://div[@class='myTokens']Looping when the following xpath does not show up://div[@class='myTokens']Looping when the following xpath does not show up://div[@class='myTokens']Looping when the following xpath does not show up://div[@class='myTokens']Looping when the following xpath does not show up://div[@class='myTokens']Looping when the following xpath does not show up://div[@class='myTokens']Looping when the following xpath does not show up://div[@class='myTokens']Looping when the following xpath does not show up://div[@class='myTokens']Looping when the following xpath does not show up://div[@class='myTokens']Looping when the following xpath does not show up://div[@class='myTokens']Looping when the following xpath does not show up://div[@class='myTokens']Looping when the following xpath does not show up://div[@class='myTokens']Looping when the following xpath does not show up://div[@class='myTokens']Looping when the following xpath does not show up://div[@class='myTokens']Looping when the following xpath does not show up://div[@class='myTokens']Looping when the following xpath does not show up://div[@class='myTokens']Looping when the following xpath does not show up://div[@class='myTokens']Looping when the following xpath does not show up://div[@class='myTokens']Looping when the following xpath does not show up://div[@class='myTokens']Looping when the following xpath does not show up://div[@class='myTokens']Looping when the following xpath does not show up://div[@class='myTokens']Looping when the following xpath does not show up://div[@class='myTokens']Looping when the following xpath does not show up://div[@class='myTokens']Looping when the following xpath does not show up://div[@class='myTokens']Looping when the following xpath does not show up://div[@class='myTokens']Looping when the following xpath does not show up://div[@class='myTokens']Looping when the following xpath does not show up://div[@class='myTokens']Looping when the following xpath does not show up://div[@class='myTokens']Looping when the following xpath does not show up://div[@class='myTokens']Looping when the following xpath does not show up://div[@class='myTokens']Looping when the following xpath does not show up://div[@class='myTokens']Looping when the following xpath does not show up://div[@class='myTokens']Looping when the following xpath does not show up://div[@class='myTokens']Looping when the following xpath does not show up://div[@class='myTokens']Looping when the following xpath does not show up://div[@class='myTokens']Looping when the following xpath does not show up://div[@class='myTokens']Looping when the following xpath does not show up://div[@class='myTokens']Looping when the following xpath does not show up://div[@class='myTokens']Looping when the following xpath does not show up://div[@class='myTokens']Looping when the following xpath does not show up://div[@class='myTokens']Looping when the following xpath does not show up://div[@class='myTokens']Looping when the following xpath does not show up://div[@class='myTokens']Looping when the following xpath does not show up://div[@class='myTokens']Looping when the following xpath does not show up://div[@class='myTokens']Looping when the following xpath does not show up://div[@class='myTokens']Looping when the following xpath does not show up://div[@class='myTokens']Looping when the following xpath does not show up://div[@class='myTokens']Looping when the following xpath does not show up://div[@class='myTokens']Looping when the following xpath does not show up://div[@class='myTokens']Looping when the following xpath does not show up://div[@class='myTokens']Looping when the following xpath does not show up://div[@class='myTokens']Looping when the following xpath does not show up://div[@class='myTokens']Looping when the following xpath does not show up://div[@class='myTokens']Looping when the following xpath does not show up://div[@class='myTokens']Looping when the following xpath does not show up://div[@class='myTokens']Looping when the following xpath does not show up://div[@class='myTokens']Looping when the following xpath does not show up://div[@class='myTokens']Looping when the following xpath does not show up://div[@class='myTokens']Looping when the following xpath does not show up://div[@class='myTokens']Looping when the following xpath does not show up://div[@class='myTokens']Looping when the following xpath does not show up://div[@class='myTokens']Looping when the following xpath does not show up://div[@class='myTokens']Looping when the following xpath does not show up://div[@class='myTokens']Looping when the following xpath does not show up://div[@class='myTokens']Looping when the following xpath does not show up://div[@class='myTokens']Looping when the following xpath does not show up://div[@class='myTokens']Looping when the following xpath does not show up://div[@class='myTokens']Looping when the following xpath does not show up://div[@class='myTokens']Looping when the following xpath does not show up://div[@class='myTokens']Looping when the following xpath does not show up://div[@class='myTokens']Looping when the following xpath does not show up://div[@class='myTokens']Looping when the following xpath does not show up://div[@class='myTokens']Looping when the following xpath does not show up://div[@class='myTokens']Looping when the following xpath does not show up://div[@class='myTokens']Looping when the following xpath does not show up://div[@class='myTokens']Looping when the following xpath does not show up://div[@class='myTokens']Looping when the following xpath does not show up://div[@class='myTokens']Looping when the following xpath does not show up://div[@class='myTokens']Looping when the following xpath does not show up://div[@class='myTokens']Looping when the following xpath does not show up://div[@class='myTokens']Looping when the following xpath does not show up://div[@class='myTokens']Looping when the following xpath does not show up://div[@class='myTokens']Looping when the following xpath does not show up://div[@class='myTokens']Looping when the following xpath does not show up://div[@class='myTokens']Looping when the following xpath does not show up://div[@class='myTokens']Looping when the following xpath does not show up://div[@class='myTokens']Looping when the following xpath does not show up://div[@class='myTokens']Looping when the following xpath does not show up://div[@class='myTokens']Looping when the following xpath does not show up://div[@class='myTokens']Looping when the following xpath does not show up://div[@class='myTokens']Looping when the following xpath does not show up://div[@class='myTokens']Looping when the following xpath does not show up://div[@class='myTokens']Looping when the following xpath does not show up://div[@class='myTokens']Looping when the following xpath does not show up://div[@class='myTokens']Looping when the following xpath does not show up://div[@class='myTokens']Looping when the following xpath does not show up://div[@class='myTokens']Looping when the following xpath does not show up://div[@class='myTokens']Looping when the following xpath does not show up://div[@class='myTokens']Looping when the following xpath does not show up://div[@class='myTokens']Looping when the following xpath does not show up://div[@class='myTokens']Looping when the following xpath does not show up://div[@class='myTokens']Looping when the following xpath does not show up://div[@class='myTokens']Looping when the following xpath does not show up://div[@class='myTokens']Looping when the following xpath does not show up://div[@class='myTokens']Looping when the following xpath does not show up://div[@class='myTokens']Looping when the following xpath does not show up://div[@class='myTokens']Looping when the following xpath does not show up://div[@class='myTokens']Looping when the following xpath does not show up://div[@class='myTokens']Looping when the following xpath does not show up://div[@class='myTokens']Looping when the following xpath does not show up://div[@class='myTokens']Looping when the following xpath does not show up://div[@class='myTokens']Looping when the following xpath does not show up://div[@class='myTokens']Looping when the following xpath does not show up://div[@class='myTokens']Looping when the following xpath does not show up://div[@class='myTokens']Looping when the following xpath does not show up://div[@class='myTokens']Looping when the following xpath does not show up://div[@class='myTokens']Looping when the following xpath does not show up://div[@class='myTokens']Looping when the following xpath does not show up://div[@class='myTokens']Looping when the following xpath does not show up://div[@class='myTokens']Looping when the following xpath does not show up://div[@class='myTokens']Looping when the following xpath does not show up://div[@class='myTokens']Looping when the following xpath does not show up://div[@class='myTokens']Looping when the following xpath does not show up://div[@class='myTokens']Looping when the following xpath does not show up://div[@class='myTokens']Looping when the following xpath does not show up://div[@class='myTokens']Looping when the following xpath does not show up://div[@class='myTokens']Looping when the following xpath does not show up://div[@class='myTokens']Looping when the following xpath does not show up://div[@class='myTokens']Looping when the following xpath does not show up://div[@class='myTokens']Looping when the following xpath does not show up://div[@class='myTokens']Looping when the following xpath does not show up://div[@class='myTokens']Looping when the following xpath does not show up://div[@class='myTokens']Looping when the following xpath does not show up://div[@class='myTokens']Looping when the following xpath does not show up://div[@class='myTokens']Looping when the following xpath does not show up://div[@class='myTokens']Looping when the following xpath does not show up://div[@class='myTokens']Looping when the following xpath does not show up://div[@class='myTokens']Looping when the following xpath does not show up://div[@class='myTokens']Looping when the following xpath does not show up://div[@class='myTokens']Looping when the following xpath does not show up://div[@class='myTokens']Looping when the following xpath does not show up://div[@class='myTokens']Looping when the following xpath does not show up://div[@class='myTokens']Looping when the following xpath does not show up://div[@class='myTokens']Looping when the following xpath does not show up://div[@class='myTokens']Looping when the following xpath does not show up://div[@class='myTokens']Looping when the following xpath does not show up://div[@class='myTokens']Looping when the following xpath does not show up://div[@class='myTokens']Looping when the following xpath does not show up://div[@class='myTokens']Looping when the following xpath does not show up://div[@class='myTokens']Looping when the following xpath does not show up://div[@class='myTokens']Looping when the following xpath does not show up://div[@class='myTokens']Looping when the following xpath does not show up://div[@class='myTokens']Looping when the following xpath does not show up://div[@class='myTokens']Looping when the following xpath does not show up://div[@class='myTokens']Looping when the following xpath does not show up://div[@class='myTokens']Looping when the following xpath does not show up://div[@class='myTokens']Looping when the following xpath does not show up://div[@class='myTokens']Looping when the following xpath does not show up://div[@class='myTokens']Looping when the following xpath does not show up://div[@class='myTokens']Looping when the following xpath does not show up://div[@class='myTokens']Looping when the following xpath does not show up://div[@class='myTokens']Looping when the following xpath does not show up://div[@class='myTokens']Looping when the following xpath does not show up://div[@class='myTokens']Looping when the following xpath does not show up://div[@class='myTokens']Looping when the following xpath does not show up://div[@class='myTokens']Looping when the following xpath does not show up://div[@class='myTokens']Looping when the following xpath does not show up://div[@class='myTokens']Looping when the following xpath does not show up://div[@class='myTokens']Looping when the following xpath does not show up://div[@class='myTokens']Looping when the following xpath does not show up://div[@class='myTokens']Looping when the following xpath does not show up://div[@class='myTokens']Looping when the following xpath does not show up://div[@class='myTokens']Looping when the following xpath does not show up://div[@class='myTokens']Looping when the following xpath does not show up://div[@class='myTokens']Looping when the following xpath does not show up://div[@class='myTokens']Looping when the following xpath does not show up://div[@class='myTokens']Looping when the following xpath does not show up://div[@class='myTokens']Looping when the following xpath does not show up://div[@class='myTokens']Looping when the following xpath does not show up://div[@class='myTokens']Looping when the following xpath does not show up://div[@class='myTokens']Looping when the following xpath does not show up://div[@class='myTokens']Looping when the following xpath does not show up://div[@class='myTokens']Looping when the following xpath does not show up://div[@class='myTokens']Looping when the following xpath does not show up://div[@class='myTokens']Looping when the following xpath does not show up://div[@class='myTokens']Looping when the following xpath does not show up://div[@class='myTokens']Looping when the following xpath does not show up://div[@class='myTokens']Looping when the following xpath does not show up://div[@class='myTokens']Looping when the following xpath does not show up://div[@class='myTokens']Looping when the following xpath does not show up://div[@class='myTokens']Looping when the following xpath does not show up://div[@class='myTokens']Looping when the following xpath does not show up://div[@class='myTokens']Looping when the following xpath does not show up://div[@class='myTokens']Looping when the following xpath does not show up://div[@class='myTokens']Looping when the following xpath does not show up://div[@class='myTokens']Looping when the following xpath does not show up://div[@class='myTokens']Looping when the following xpath does not show up://div[@class='myTokens']Looping when the following xpath does not show up://div[@class='myTokens']Looping when the following xpath does not show up://div[@class='myTokens']Looping when the following xpath does not show up://div[@class='myTokens']Looping when the following xpath does not show up://div[@class='myTokens']Looping when the following xpath does not show up://div[@class='myTokens']Looping when the following xpath does not show up://div[@class='myTokens']Looping when the following xpath does not show up://div[@class='myTokens']Looping when the following xpath does not show up://div[@class='myTokens']Looping when the following xpath does not show up://div[@class='myTokens']Looping when the following xpath does not show up://div[@class='myTokens']Looping when the following xpath does not show up://div[@class='myTokens']Looping when the following xpath does not show up://div[@class='myTokens']Looping when the following xpath does not show up://div[@class='myTokens']Looping when the following xpath does not show up://div[@class='myTokens']Looping when the following xpath does not show up://div[@class='myTokens']Looping when the following xpath does not show up://div[@class='myTokens']Looping when the following xpath does not show up://div[@class='myTokens']Looping when the following xpath does not show up://div[@class='myTokens']Looping when the following xpath does not show up://div[@class='myTokens']Looping when the following xpath does not show up://div[@class='myTokens']Looping when the following xpath does not show up://div[@class='myTokens']Looping when the following xpath does not show up://div[@class='myTokens']Looping when the following xpath does not show up://div[@class='myTokens']Looping when the following xpath does not show up://div[@class='myTokens']Looping when the following xpath does not show up://div[@class='myTokens']Looping when the following xpath does not show up://div[@class='myTokens']Looping when the following xpath does not show up://div[@class='myTokens']Looping when the following xpath does not show up://div[@class='myTokens']Looping when the following xpath does not show up://div[@class='myTokens']Looping when the following xpath does not show up://div[@class='myTokens']Looping when the following xpath does not show up://div[@class='myTokens']Looping when the following xpath does not show up://div[@class='myTokens']Looping when the following xpath does not show up://div[@class='myTokens']Looping when the following xpath does not show up://div[@class='myTokens']Looping when the following xpath does not show up://div[@class='myTokens']Looping when the following xpath does not show up://div[@class='myTokens']Looping when the following xpath does not show up://div[@class='myTokens']Looping when the following xpath does not show up://div[@class='myTokens']Looping when the following xpath does not show up://div[@class='myTokens']Looping when the following xpath does not show up://div[@class='myTokens']Looping when the following xpath does not show up://div[@class='myTokens']Looping when the following xpath does not show up://div[@class='myTokens']Looping when the following xpath does not show up://div[@class='myTokens']Looping when the following xpath does not show up://div[@class='myTokens']Looping when the following xpath does not show up://div[@class='myTokens']Looping when the following xpath does not show up://div[@class='myTokens']Looping when the following xpath does not show up://div[@class='myTokens']Looping when the following xpath does not show up://div[@class='myTokens']Looping when the following xpath does not show up://div[@class='myTokens']Looping when the following xpath does not show up://div[@class='myTokens']Looping when the following xpath does not show up://div[@class='myTokens']Looping when the following xpath does not show up://div[@class='myTokens']Looping when the following xpath does not show up://div[@class='myTokens']Looping when the following xpath does not show up://div[@class='myTokens']Looping when the following xpath does not show up://div[@class='myTokens']Looping when the following xpath does not show up://div[@class='myTokens']Looping when the following xpath does not show up://div[@class='myTokens']Looping when the following xpath does not show up://div[@class='myTokens']Looping when the following xpath does not show up://div[@class='myTokens']Looping when the following xpath does not show up://div[@class='myTokens']Looping when the following xpath does not show up://div[@class='myTokens']Looping when the following xpath does not show up://div[@class='myTokens']Looping when the following xpath does not show up://div[@class='myTokens']Looping when the following xpath does not show up://div[@class='myTokens']Looping when the following xpath does not show up://div[@class='myTokens']Looping when the following xpath does not show up://div[@class='myTokens']Looping when the following xpath does not show up://div[@class='myTokens']Looping when the following xpath does not show up://div[@class='myTokens']Looping when the following xpath does not show up://div[@class='myTokens']Looping when the following xpath does not show up://div[@class='myTokens']Looping when the following xpath does not show up://div[@class='myTokens']Looping when the following xpath does not show up://div[@class='myTokens']Looping when the following xpath does not show up://div[@class='myTokens']Looping when the following xpath does not show up://div[@class='myTokens']Looping when the following xpath does not show up://div[@class='myTokens']Looping when the following xpath does not show up://div[@class='myTokens']Looping when the following xpath does not show up://div[@class='myTokens']Looping when the following xpath does not show up://div[@class='myTokens']Looping when the following xpath does not show up://div[@class='myTokens']Looping when the following xpath does not show up://div[@class='myTokens']Looping when the following xpath does not show up://div[@class='myTokens']Looping when the following xpath does not show up://div[@class='myTokens']Looping when the following xpath does not show up://div[@class='myTokens']Looping when the following xpath does not show up://div[@class='myTokens']Looping when the following xpath does not show up://div[@class='myTokens']Looping when the following xpath does not show up://div[@class='myTokens']Looping when the following xpath does not show up://div[@class='myTokens']Looping when the following xpath does not show up://div[@class='myTokens']Looping when the following xpath does not show up://div[@class='myTokens']Looping when the following xpath does not show up://div[@class='myTokens']Looping when the following xpath does not show up://div[@class='myTokens']Looping when the following xpath does not show up://div[@class='myTokens']Looping when the following xpath does not show up://div[@class='myTokens']Looping when the following xpath does not show up://div[@class='myTokens']Looping when the following xpath does not show up://div[@class='myTokens']Looping when the following xpath does not show up://div[@class='myTokens']Looping when the following xpath does not show up://div[@class='myTokens']Looping when the following xpath does not show up://div[@class='myTokens']Looping when the following xpath does not show up://div[@class='myTokens']Looping when the following xpath does not show up://div[@class='myTokens']Looping when the following xpath does not show up://div[@class='myTokens']Looping when the following xpath does not show up://div[@class='myTokens']Looping when the following xpath does not show up://div[@class='myTokens']Looping when the following xpath does not show up://div[@class='myTokens']Looping when the following xpath does not show up://div[@class='myTokens']Looping when the following xpath does not show up://div[@class='myTokens']Looping when the following xpath does not show up://div[@class='myTokens']Looping when the following xpath does not show up://div[@class='myTokens']Looping when the following xpath does not show up://div[@class='myTokens']Looping when the following xpath does not show up://div[@class='myTokens']Looping when the following xpath does not show up://div[@class='myTokens']Looping when the following xpath does not show up://div[@class='myTokens']Looping when the following xpath does not show up://div[@class='myTokens']Looping when the following xpath does not show up://div[@class='myTokens']Looping when the following xpath does not show up://div[@class='myTokens']Looping when the following xpath does not show up://div[@class='myTokens']Looping when the following xpath does not show up://div[@class='myTokens']Looping when the following xpath does not show up://div[@class='myTokens']Looping when the following xpath does not show up://div[@class='myTokens']Looping when the following xpath does not show up://div[@class='myTokens']Looping when the following xpath does not show up://div[@class='myTokens']Looping when the following xpath does not show up://div[@class='myTokens']Looping when the following xpath does not show up://div[@class='myTokens']Looping when the following xpath does not show up://div[@class='myTokens']Looping when the following xpath does not show up://div[@class='myTokens']Looping when the following xpath does not show up://div[@class='myTokens']Looping when the following xpath does not show up://div[@class='myTokens']Looping when the following xpath does not show up://div[@class='myTokens']Looping when the following xpath does not show up://div[@class='myTokens']Looping when the following xpath does not show up://div[@class='myTokens']Looping when the following xpath does not show up://div[@class='myTokens']Looping when the following xpath does not show up://div[@class='myTokens']Looping when the following xpath does not show up://div[@class='myTokens']Looping when the following xpath does not 
[...]
]Looping when the following xpath does not show up://div[@class='myTokens']Looping when the following xpath does not show up://div[@class='myTokens']Looping when the following xpath does not show up://div[@class='myTokens']Looping when the following xpath does not show up://div[@class='myTokens']Looping when the following xpath does not show up://div[@class='myTokens']Looping when the following xpath does not show up://div[@class='myTokens']Looping when the following xpath does not show up://div[@class='myTokens']Looping when the following xpath does not show up://div[@class='myTokens']Looping when the following xpath does not show up://div[@class='myTokens']Looping when the following xpath does not show up://div[@class='myTokens']Looping when the following xpath does not show up://div[@class='myTokens']Looping when the following xpath does not show up://div[@class='myTokens']Looping when the following xpath does not show up://div[@class='myTokens']Looping when the following xpath does not show up://div[@class='myTokens']Looping when the following xpath does not show up://div[@class='myTokens']Looping when the following xpath does not show up://div[@class='myTokens']Looping when the following xpath does not show up://div[@class='myTokens']Looping when the following xpath does not show up://div[@class='myTokens']Looping when the following xpath does not show up://div[@class='myTokens']Looping when the following xpath does not show up://div[@class='myTokens']Looping when the following xpath does not show up://div[@class='myTokens']Looping when the following xpath does not show up://div[@class='myTokens']Looping when the following xpath does not show up://div[@class='myTokens']Looping when the following xpath does not show up://div[@class='myTokens']Looping when the following xpath does not show up://div[@class='myTokens']Looping when the following xpath does not show up://div[@class='myTokens']Looping when the following xpath does not show up://div[@class='myTokens']Looping when the following xpath does not show up://div[@class='myTokens']Looping when the following xpath does not show up://div[@class='myTokens']Looping when the following xpath does not show up://div[@class='myTokens']Looping when the following xpath does not show up://div[@class='myTokens']Looping when the following xpath does not show up://div[@class='myTokens']Looping when the following xpath does not show up://div[@class='myTokens']Looping when the following xpath does not show up://div[@class='myTokens']Looping when the following xpath does not show up://div[@class='myTokens']Looping when the following xpath does not show up://div[@class='myTokens']Looping when the following xpath does not show up://div[@class='myTokens']Looping when the following xpath does not show up://div[@class='myTokens']Looping when the following xpath does not show up://div[@class='myTokens']Looping when the following xpath does not show up://div[@class='myTokens']Looping when the following xpath does not show up://div[@class='myTokens']Looping when the following xpath does not show up://div[@class='myTokens']Looping when the following xpath does not show up://div[@class='myTokens']Looping when the following xpath does not show up://div[@class='myTokens']Looping when the following xpath does not show up://div[@class='myTokens']Looping when the following xpath does not show up://div[@class='myTokens']Looping when the following xpath does not show up://div[@class='myTokens']Looping when the following xpath does not show up://div[@class='myTokens']Looping when the following xpath does not show up://div[@class='myTokens']Looping when the following xpath does not show up://div[@class='myTokens']Looping when the following xpath does not show up://div[@class='myTokens']Looping when the following xpath does not show up://div[@class='myTokens']Looping when the following xpath does not show up://div[@class='myTokens']Looping when the following xpath does not show up://div[@class='myTokens']Looping when the following xpath does not show up://div[@class='myTokens']Looping when the following xpath does not show up://div[@class='myTokens']Looping when the following xpath does not show up://div[@class='myTokens']Looping when the following xpath does not show up://div[@class='myTokens']Looping when the following xpath does not show up://div[@class='myTokens']Looping when the following xpath does not show up://div[@class='myTokens']Looping when the following xpath does not show up://div[@class='myTokens']Looping when the following xpath does not show up://div[@class='myTokens']Looping when the following xpath does not show up://div[@class='myTokens']Looping when the following xpath does not show up://div[@class='myTokens']Looping when the following xpath does not show up://div[@class='myTokens']Looping when the following xpath does not show up://div[@class='myTokens']Looping when the following xpath does not show up://div[@class='myTokens']Looping when the following xpath does not show up://div[@class='myTokens']Looping when the following xpath does not show up://div[@class='myTokens']Looping when the following xpath does not show up://div[@class='myTokens']Looping when the following xpath does not show up://div[@class='myTokens']Looping when the following xpath does not show up://div[@class='myTokens']Looping when the following xpath does not show up://div[@class='myTokens']Looping when the following xpath does not show up://div[@class='myTokens']Looping when the following xpath does not show up://div[@class='myTokens']Looping when the following xpath does not show up://div[@class='myTokens']Looping when the following xpath does not show up://div[@class='myTokens']Looping when the following xpath does not show up://div[@class='myTokens']Looping when the following xpath does not show up://div[@class='myTokens']Looping when the following xpath does not show up://div[@class='myTokens']Looping when the following xpath does not show up://div[@class='myTokens']Looping when the following xpath does not show up://div[@class='myTokens']Looping when the following xpath does not show up://div[@class='myTokens']Looping when the following xpath does not show up://div[@class='myTokens']Looping when the following xpath does not show up://div[@class='myTokens']Looping when the following xpath does not show up://div[@class='myTokens']Looping when the following xpath does not show up://div[@class='myTokens']Looping when the following xpath does not show up://div[@class='myTokens']Looping when the following xpath does not show up://div[@class='myTokens']Looping when the following xpath does not show up://div[@class='myTokens']Looping when the following xpath does not show up://div[@class='myTokens']Looping when the following xpath does not show up://div[@class='myTokens']Looping when the following xpath does not show up://div[@class='myTokens']Looping when the following xpath does not show up://div[@class='myTokens']Looping when the following xpath does not show up://div[@class='myTokens']Looping when the following xpath does not show up://div[@class='myTokens']Looping when the following xpath does not show up://div[@class='myTokens']Looping when the following xpath does not show up://div[@class='myTokens']Looping when the following xpath does not show up://div[@class='myTokens']Looping when the following xpath does not show up://div[@class='myTokens']Looping when the following xpath does not show up://div[@class='myTokens']Looping when the following xpath does not show up://div[@class='myTokens']]]></system-out>
    <system-err><![CDATA[Starting ChromeDriver 2.40.565498 (ea082db3280dd6843ebfb08a625e3eb905c4f5ab) on port 28278
Only local connections are allowed.
[1542006766.278][WARNING]: Timed out connecting to Chrome, retrying...
]]></system-err>
  </testcase>
  <testcase name="updateMyInformationTestCase[0]" classname="web.cts.crpyto.test.UpdateMyInformationPageTest" time="25.192"/>
  <testcase name="updateAddressTestCase[0]" classname="web.cts.crpyto.test.UpdateMyInformationPageTest" time="6.018">
    <error message="chrome not reachable&#10;  (Session info: chrome=70.0.3538.77)&#10;  (Driver info: chromedriver=2.40.565498 (ea082db3280dd6843ebfb08a625e3eb905c4f5ab),platform=Windows NT 10.0.17134 x86_64) (WARNING: The server did not provide any stacktrace information)&#10;Command duration or timeout: 6.01 seconds&#10;Build info: version: &apos;2.35.0&apos;, revision: &apos;8df0c6bedf70ff9f22c647788f9fe9c8d22210e2&apos;, time: &apos;2013-08-17 12:46:41&apos;&#10;System info: os.name: &apos;Windows 10&apos;, os.arch: &apos;amd64&apos;, os.version: &apos;10.0&apos;, java.version: &apos;1.8.0_141&apos;&#10;Driver info: org.openqa.selenium.chrome.ChromeDriver&#10;Capabilities [{applicationCacheEnabled=false, rotatable=false, mobileEmulationEnabled=false, networkConnectionEnabled=false, chrome={chromedriverVersion=2.40.565498 (ea082db3280dd6843ebfb08a625e3eb905c4f5ab), userDataDir=C:\Users\Forrest.Li\AppData\Local\Temp\scoped_dir11312_3614}, takesHeapSnapshot=true, pageLoadStrategy=normal, databaseEnabled=false, handlesAlerts=true, hasTouchScreen=false, version=70.0.3538.77, platform=XP, browserConnectionEnabled=false, nativeEvents=true, acceptSslCerts=false, acceptInsecureCerts=false, locationContextEnabled=true, webStorageEnabled=true, browserName=chrome, takesScreenshot=true, javascriptEnabled=true, cssSelectorsEnabled=true, setWindowRect=true, unexpectedAlertBehaviour=}]&#10;Session ID: ddf14128e761b0ef646adc39b8135823" type="org.openqa.selenium.WebDriverException">org.openqa.selenium.WebDriverException: chrome not reachable
  (Session info: chrome=70.0.3538.77)
  (Driver info: chromedriver=2.40.565498 (ea082db3280dd6843ebfb08a625e3eb905c4f5ab),platform=Windows NT 10.0.17134 x86_64) (WARNING: The server did not provide any stacktrace information)
Command duration or timeout: 6.01 seconds
Build info: version: '2.35.0', revision: '8df0c6bedf70ff9f22c647788f9fe9c8d22210e2', time: '2013-08-17 12:46:41'
System info: os.name: 'Windows 10', os.arch: 'amd64', os.version: '10.0', java.version: '1.8.0_141'
Driver info: org.openqa.selenium.chrome.ChromeDriver
Capabilities [{applicationCacheEnabled=false, rotatable=false, mobileEmulationEnabled=false, networkConnectionEnabled=false, chrome={chromedriverVersion=2.40.565498 (ea082db3280dd6843ebfb08a625e3eb905c4f5ab), userDataDir=C:\Users\Forrest.Li\AppData\Local\Temp\scoped_dir11312_3614}, takesHeapSnapshot=true, pageLoadStrategy=normal, databaseEnabled=false, handlesAlerts=true, hasTouchScreen=false, version=70.0.3538.77, platform=XP, browserConnectionEnabled=false, nativeEvents=true, acceptSslCerts=false, acceptInsecureCerts=false, locationContextEnabled=true, webStorageEnabled=true, browserName=chrome, takesScreenshot=true, javascriptEnabled=true, cssSelectorsEnabled=true, setWindowRect=true, unexpectedAlertBehaviour=}]
Session ID: ddf14128e761b0ef646adc39b8135823
	at sun.reflect.NativeConstructorAccessorImpl.newInstance0(Native Method)
	at sun.reflect.NativeConstructorAccessorImpl.newInstance(NativeConstructorAccessorImpl.java:62)
	at sun.reflect.DelegatingConstructorAccessorImpl.newInstance(DelegatingConstructorAccessorImpl.java:45)
	at java.lang.reflect.Constructor.newInstance(Constructor.java:423)
	at org.openqa.selenium.remote.ErrorHandler.createThrowable(ErrorHandler.java:191)
	at org.openqa.selenium.remote.ErrorHandler.throwIfResponseFailed(ErrorHandler.java:145)
	at org.openqa.selenium.remote.RemoteWebDriver.execute(RemoteWebDriver.java:554)
	at org.openqa.selenium.remote.RemoteWebDriver.execute(RemoteWebDriver.java:569)
	at org.openqa.selenium.remote.RemoteWebDriver.getPageSource(RemoteWebDriver.java:414)
	at sun.reflect.NativeMethodAccessorImpl.invoke0(Native Method)
	at sun.reflect.NativeMethodAccessorImpl.invoke(NativeMethodAccessorImpl.java:62)
	at sun.reflect.DelegatingMethodAccessorImpl.invoke(DelegatingMethodAccessorImpl.java:43)
	at java.lang.reflect.Method.invoke(Method.java:498)
	at org.openqa.selenium.support.events.EventFiringWebDriver$2.invoke(EventFiringWebDriver.java:101)
	at com.sun.proxy.$Proxy20.getPageSource(Unknown Source)
	at org.openqa.selenium.support.events.EventFiringWebDriver.getPageSource(EventFiringWebDriver.java:186)
	at web.cts.crpyto.wrappers.WebDriverWrapper.isWebPageDisplayed(WebDriverWrapper.java:249)
	at web.cts.crpyto.core.AbstractPage.isMessageDisplayed(AbstractPage.java:55)
	at web.cts.crpyto.test.UpdateMyInformationPageTest.updateAddressTestCase(UpdateMyInformationPageTest.java:69)
</error>
    <system-out><![CDATA[2018-11-12 15:13:15,494 (UpdateMyInformationPageTest.java:44) INFO  web.cts.crpyto.test.UpdateMyInformationPageTest - Begining the Update My Information page test...
2018-11-12 15:13:15,495 (TestContextManager.java:235) INFO  org.springframework.test.context.TestContextManager - Could not instantiate TestExecutionListener [org.springframework.test.context.web.ServletTestExecutionListener]. Specify custom listener classes or make the default listener classes (and their required dependencies) available. Offending class: [javax/servlet/ServletContext]
2018-11-12 15:13:15,496 (TestContextManager.java:235) INFO  org.springframework.test.context.TestContextManager - Could not instantiate TestExecutionListener [org.springframework.test.context.transaction.TransactionalTestExecutionListener]. Specify custom listener classes or make the default listener classes (and their required dependencies) available. Offending class: [org/springframework/transaction/interceptor/TransactionAttribute]
2018-11-12 15:13:15,496 (UpdateMyInformationPageTest.java:60) INFO  web.cts.crpyto.test.UpdateMyInformationPageTest - Checking and validating for the address update ...
Expected:{Address=[Forrest HK New Address]}
]]></system-out>
    <system-err><![CDATA[[1542006797.501][WARNING]: Timed out connecting to Chrome, retrying...
]]></system-err>
  </testcase>
  <testcase name="updateMyInformationTestCase[1]" classname="web.cts.crpyto.test.UpdateMyInformationPageTest" time="25.073"/>
  <testcase name="updateAddressTestCase[1]" classname="web.cts.crpyto.test.UpdateMyInformationPageTest" time="6.013">
    <error message="chrome not reachable&#10;  (Session info: chrome=70.0.3538.77)&#10;  (Driver info: chromedriver=2.40.565498 (ea082db3280dd6843ebfb08a625e3eb905c4f5ab),platform=Windows NT 10.0.17134 x86_64) (WARNING: The server did not provide any stacktrace information)&#10;Command duration or timeout: 6.01 seconds&#10;Build info: version: &apos;2.35.0&apos;, revision: &apos;8df0c6bedf70ff9f22c647788f9fe9c8d22210e2&apos;, time: &apos;2013-08-17 12:46:41&apos;&#10;System info: os.name: &apos;Windows 10&apos;, os.arch: &apos;amd64&apos;, os.version: &apos;10.0&apos;, java.version: &apos;1.8.0_141&apos;&#10;Driver info: org.openqa.selenium.chrome.ChromeDriver&#10;Capabilities [{applicationCacheEnabled=false, rotatable=false, mobileEmulationEnabled=false, networkConnectionEnabled=false, chrome={chromedriverVersion=2.40.565498 (ea082db3280dd6843ebfb08a625e3eb905c4f5ab), userDataDir=C:\Users\Forrest.Li\AppData\Local\Temp\scoped_dir11312_3614}, takesHeapSnapshot=true, pageLoadStrategy=normal, databaseEnabled=false, handlesAlerts=true, hasTouchScreen=false, version=70.0.3538.77, platform=XP, browserConnectionEnabled=false, nativeEvents=true, acceptSslCerts=false, acceptInsecureCerts=false, locationContextEnabled=true, webStorageEnabled=true, browserName=chrome, takesScreenshot=true, javascriptEnabled=true, cssSelectorsEnabled=true, setWindowRect=true, unexpectedAlertBehaviour=}]&#10;Session ID: ddf14128e761b0ef646adc39b8135823" type="org.openqa.selenium.WebDriverException">org.openqa.selenium.WebDriverException: chrome not reachable
  (Session info: chrome=70.0.3538.77)
  (Driver info: chromedriver=2.40.565498 (ea082db3280dd6843ebfb08a625e3eb905c4f5ab),platform=Windows NT 10.0.17134 x86_64) (WARNING: The server did not provide any stacktrace information)
Command duration or timeout: 6.01 seconds
Build info: version: '2.35.0', revision: '8df0c6bedf70ff9f22c647788f9fe9c8d22210e2', time: '2013-08-17 12:46:41'
System info: os.name: 'Windows 10', os.arch: 'amd64', os.version: '10.0', java.version: '1.8.0_141'
Driver info: org.openqa.selenium.chrome.ChromeDriver
Capabilities [{applicationCacheEnabled=false, rotatable=false, mobileEmulationEnabled=false, networkConnectionEnabled=false, chrome={chromedriverVersion=2.40.565498 (ea082db3280dd6843ebfb08a625e3eb905c4f5ab), userDataDir=C:\Users\Forrest.Li\AppData\Local\Temp\scoped_dir11312_3614}, takesHeapSnapshot=true, pageLoadStrategy=normal, databaseEnabled=false, handlesAlerts=true, hasTouchScreen=false, version=70.0.3538.77, platform=XP, browserConnectionEnabled=false, nativeEvents=true, acceptSslCerts=false, acceptInsecureCerts=false, locationContextEnabled=true, webStorageEnabled=true, browserName=chrome, takesScreenshot=true, javascriptEnabled=true, cssSelectorsEnabled=true, setWindowRect=true, unexpectedAlertBehaviour=}]
Session ID: ddf14128e761b0ef646adc39b8135823
	at sun.reflect.NativeConstructorAccessorImpl.newInstance0(Native Method)
	at sun.reflect.NativeConstructorAccessorImpl.newInstance(NativeConstructorAccessorImpl.java:62)
	at sun.reflect.DelegatingConstructorAccessorImpl.newInstance(DelegatingConstructorAccessorImpl.java:45)
	at java.lang.reflect.Constructor.newInstance(Constructor.java:423)
	at org.openqa.selenium.remote.ErrorHandler.createThrowable(ErrorHandler.java:191)
	at org.openqa.selenium.remote.ErrorHandler.throwIfResponseFailed(ErrorHandler.java:145)
	at org.openqa.selenium.remote.RemoteWebDriver.execute(RemoteWebDriver.java:554)
	at org.openqa.selenium.remote.RemoteWebDriver.execute(RemoteWebDriver.java:569)
	at org.openqa.selenium.remote.RemoteWebDriver.getPageSource(RemoteWebDriver.java:414)
	at sun.reflect.NativeMethodAccessorImpl.invoke0(Native Method)
	at sun.reflect.NativeMethodAccessorImpl.invoke(NativeMethodAccessorImpl.java:62)
	at sun.reflect.DelegatingMethodAccessorImpl.invoke(DelegatingMethodAccessorImpl.java:43)
	at java.lang.reflect.Method.invoke(Method.java:498)
	at org.openqa.selenium.support.events.EventFiringWebDriver$2.invoke(EventFiringWebDriver.java:101)
	at com.sun.proxy.$Proxy20.getPageSource(Unknown Source)
	at org.openqa.selenium.support.events.EventFiringWebDriver.getPageSource(EventFiringWebDriver.java:186)
	at web.cts.crpyto.wrappers.WebDriverWrapper.isWebPageDisplayed(WebDriverWrapper.java:249)
	at web.cts.crpyto.core.AbstractPage.isMessageDisplayed(AbstractPage.java:55)
	at web.cts.crpyto.test.UpdateMyInformationPageTest.updateAddressTestCase(UpdateMyInformationPageTest.java:69)
</error>
    <system-out><![CDATA[2018-11-12 15:13:46,585 (UpdateMyInformationPageTest.java:44) INFO  web.cts.crpyto.test.UpdateMyInformationPageTest - Begining the Update My Information page test...
2018-11-12 15:13:46,586 (TestContextManager.java:235) INFO  org.springframework.test.context.TestContextManager - Could not instantiate TestExecutionListener [org.springframework.test.context.web.ServletTestExecutionListener]. Specify custom listener classes or make the default listener classes (and their required dependencies) available. Offending class: [javax/servlet/ServletContext]
2018-11-12 15:13:46,587 (TestContextManager.java:235) INFO  org.springframework.test.context.TestContextManager - Could not instantiate TestExecutionListener [org.springframework.test.context.transaction.TransactionalTestExecutionListener]. Specify custom listener classes or make the default listener classes (and their required dependencies) available. Offending class: [org/springframework/transaction/interceptor/TransactionAttribute]
2018-11-12 15:13:46,588 (UpdateMyInformationPageTest.java:60) INFO  web.cts.crpyto.test.UpdateMyInformationPageTest - Checking and validating for the address update ...
Expected:{Address=[Forrest HK New Address]}
]]></system-out>
    <system-err><![CDATA[[1542006828.592][WARNING]: Timed out connecting to Chrome, retrying...
]]></system-err>
  </testcase>
</testsuite>